<?xml version="1.0" encoding="UTF-8"?>
<!-- Generated by org.testng.reporters.JUnitXMLReporter -->
<testsuite hostname="Cassie.fios-router.home" tests="0" failures="0" timestamp="4 Apr 2020 02:30:58 GMT" time="0.026" errors="0">
  <testcase name="@BeforeTest beforeTest" time="0.0" classname="example.NewTest">
    <failure type="java.lang.Error" message="Unresolved compilation problem: 
	driver cannot be resolved to a variable
">
      <![CDATA[java.lang.Error: Unresolved compilation problem: 
	driver cannot be resolved to a variable

	at example.NewTest.beforeTest(NewTest.java:23)
... Removed 31 stack frames]]>
    </failure>
  </testcase> <!-- @BeforeTest beforeTest -->
  <testcase name="@AfterTest afterTest" time="0.0" classname="example.NewTest">
    <skipped/>
  </testcase> <!-- @AfterTest afterTest -->
</testsuite>
