<?xml version="1.0" encoding="UTF-8"?>
<testng-results skipped="0" failed="0" total="0" passed="0">
  <reporter-output>
  </reporter-output>
  <suite name="Surefire suite" duration-ms="4887" started-at="2020-04-04T17:01:49Z" finished-at="2020-04-04T17:01:54Z">
    <groups>
    </groups>
    <test name="Surefire test" duration-ms="4887" started-at="2020-04-04T17:01:49Z" finished-at="2020-04-04T17:01:54Z">
      <class name="example.NewTest">
        <test-method status="PASS" signature="beforeTest()[pri:0, instance:example.NewTest@2d554825]" name="beforeTest" is-config="true" duration-ms="3852" started-at="2020-04-04T13:01:49Z" finished-at="2020-04-04T13:01:53Z">
          <reporter-output>
          </reporter-output>
        </test-method> <!-- beforeTest -->
        <test-method status="PASS" signature="afterTest()[pri:0, instance:example.NewTest@2d554825]" name="afterTest" is-config="true" duration-ms="1028" started-at="2020-04-04T13:01:53Z" finished-at="2020-04-04T13:01:54Z">
          <reporter-output>
          </reporter-output>
        </test-method> <!-- afterTest -->
      </class> <!-- example.NewTest -->
    </test> <!-- Surefire test -->
  </suite> <!-- Surefire suite -->
</testng-results>
